# JRE version: Java(TM) SE Runtime Environment (7.0_80-b15) (build 1.7.0_80-b15)
# Java VM: Java HotSpot(TM) 64-Bit Server VM (24.80-b11 mixed mode linux-amd64 compressed oops)
Heap
 PSYoungGen      total 533504K, used 6319K [0x00000007d6e00000, 0x00000007f8900000, 0x0000000800000000)
  eden space 515584K, 0% used [0x00000007d6e00000,0x00000007d6e00000,0x00000007f6580000)
  from space 17920K, 35% used [0x00000007f6580000,0x00000007f6babe68,0x00000007f7700000)
  to   space 17408K, 0% used [0x00000007f7700000,0x00000007f7700000,0x00000007f8800000)
 ParOldGen       total 83968K, used 32790K [0x0000000784a00000, 0x0000000789c00000, 0x00000007d6e00000)
  object space 83968K, 39% used [0x0000000784a00000,0x0000000786a05ad8,0x0000000789c00000)
 PSPermGen       total 53760K, used 53656K [0x000000077f800000, 0x0000000782c80000, 0x0000000784a00000)
  object space 53760K, 99% used [0x000000077f800000,0x0000000782c66050,0x0000000782c80000)
GC Heap History (10 events):
Event: 3,236 GC heap after
Heap after GC invocations=4 (full 0):
 PSYoungGen      total 134144K, used 5117K [0x00000007d6e00000, 0x00000007df600000, 0x0000000800000000)
  eden space 129024K, 0% used [0x00000007d6e00000,0x00000007d6e00000,0x00000007dec00000)
  from space 5120K, 99% used [0x00000007df100000,0x00000007df5ff670,0x00000007df600000)
  to   space 5120K, 0% used [0x00000007dec00000,0x00000007dec00000,0x00000007df100000)
 ParOldGen       total 83968K, used 14676K [0x0000000784a00000, 0x0000000789c00000, 0x00000007d6e00000)
  object space 83968K, 17% used [0x0000000784a00000,0x0000000785855298,0x0000000789c00000)
 PSPermGen       total 35840K, used 35383K [0x000000077f800000, 0x0000000781b00000, 0x0000000784a00000)
  object space 35840K, 98% used [0x000000077f800000,0x0000000781a8dce8,0x0000000781b00000)
}
Event: 4,694 GC heap before
{Heap before GC invocations=5 (full 0):
 PSYoungGen      total 134144K, used 134141K [0x00000007d6e00000, 0x00000007df600000, 0x0000000800000000)
  eden space 129024K, 100% used [0x00000007d6e00000,0x00000007dec00000,0x00000007dec00000)
  from space 5120K, 99% used [0x00000007df100000,0x00000007df5ff670,0x00000007df600000)
  to   space 5120K, 0% used [0x00000007dec00000,0x00000007dec00000,0x00000007df100000)
 ParOldGen       total 83968K, used 14676K [0x0000000784a00000, 0x0000000789c00000, 0x00000007d6e00000)
  object space 83968K, 17% used [0x0000000784a00000,0x0000000785855298,0x0000000789c00000)
 PSPermGen       total 48128K, used 48092K [0x000000077f800000, 0x0000000782700000, 0x0000000784a00000)
  object space 48128K, 99% used [0x000000077f800000,0x00000007826f7048,0x0000000782700000)
Event: 4,785 GC heap after
Heap after GC invocations=5 (full 0):
 PSYoungGen      total 134144K, used 5097K [0x00000007d6e00000, 0x00000007e8e00000, 0x0000000800000000)
  eden space 129024K, 0% used [0x00000007d6e00000,0x00000007d6e00000,0x00000007dec00000)
  from space 5120K, 99% used [0x00000007dec00000,0x00000007df0fa6c0,0x00000007df100000)
  to   space 18432K, 0% used [0x00000007e7c00000,0x00000007e7c00000,0x00000007e8e00000)
 ParOldGen       total 83968K, used 25511K [0x0000000784a00000, 0x0000000789c00000, 0x00000007d6e00000)
  object space 83968K, 30% used [0x0000000784a00000,0x00000007862e9da8,0x0000000789c00000)
 PSPermGen       total 48128K, used 48092K [0x000000077f800000, 0x0000000782700000, 0x0000000784a00000)
  object space 48128K, 99% used [0x000000077f800000,0x00000007826f7048,0x0000000782700000)
}
Event: 5,765 GC heap before
{Heap before GC invocations=6 (full 0):
 PSYoungGen      total 134144K, used 134121K [0x00000007d6e00000, 0x00000007e8e00000, 0x0000000800000000)
  eden space 129024K, 100% used [0x00000007d6e00000,0x00000007dec00000,0x00000007dec00000)
  from space 5120K, 99% used [0x00000007dec00000,0x00000007df0fa6c0,0x00000007df100000)
  to   space 18432K, 0% used [0x00000007e7c00000,0x00000007e7c00000,0x00000007e8e00000)
 ParOldGen       total 83968K, used 25511K [0x0000000784a00000, 0x0000000789c00000, 0x00000007d6e00000)
  object space 83968K, 30% used [0x0000000784a00000,0x00000007862e9da8,0x0000000789c00000)
 PSPermGen       total 51712K, used 51652K [0x000000077f800000, 0x0000000782a80000, 0x0000000784a00000)
  object space 51712K, 99% used [0x000000077f800000,0x0000000782a71270,0x0000000782a80000)
Event: 5,806 GC heap after
Heap after GC invocations=6 (full 0):
 PSYoungGen      total 273408K, used 10210K [0x00000007d6e00000, 0x00000007e8b00000, 0x0000000800000000)
  eden space 258048K, 0% used [0x00000007d6e00000,0x00000007d6e00000,0x00000007e6a00000)
  from space 15360K, 66% used [0x00000007e7c00000,0x00000007e85f89a0,0x00000007e8b00000)
  to   space 16896K, 0% used [0x00000007e6a00000,0x00000007e6a00000,0x00000007e7a80000)
 ParOldGen       total 83968K, used 25511K [0x0000000784a00000, 0x0000000789c00000, 0x00000007d6e00000)
  object space 83968K, 30% used [0x0000000784a00000,0x00000007862e9da8,0x0000000789c00000)
 PSPermGen       total 51712K, used 51652K [0x000000077f800000, 0x0000000782a80000, 0x0000000784a00000)
  object space 51712K, 99% used [0x000000077f800000,0x0000000782a71270,0x0000000782a80000)
}
Event: 8,229 GC heap before
{Heap before GC invocations=7 (full 0):
 PSYoungGen      total 273408K, used 267030K [0x00000007d6e00000, 0x00000007e8b00000, 0x0000000800000000)
  eden space 258048K, 99% used [0x00000007d6e00000,0x00000007e68cd058,0x00000007e6a00000)
  from space 15360K, 66% used [0x00000007e7c00000,0x00000007e85f89a0,0x00000007e8b00000)
  to   space 16896K, 0% used [0x00000007e6a00000,0x00000007e6a00000,0x00000007e7a80000)
 ParOldGen       total 83968K, used 25511K [0x0000000784a00000, 0x0000000789c00000, 0x00000007d6e00000)
  object space 83968K, 30% used [0x0000000784a00000,0x00000007862e9da8,0x0000000789c00000)
 PSPermGen       total 53760K, used 53429K [0x000000077f800000, 0x0000000782c80000, 0x0000000784a00000)
  object space 53760K, 99% used [0x000000077f800000,0x0000000782c2d7e0,0x0000000782c80000)
Event: 8,380 GC heap after
Heap after GC invocations=7 (full 0):
 PSYoungGen      total 274944K, used 12669K [0x00000007d6e00000, 0x00000007f8800000, 0x0000000800000000)
  eden space 258048K, 0% used [0x00000007d6e00000,0x00000007d6e00000,0x00000007e6a00000)
  from space 16896K, 74% used [0x00000007e6a00000,0x00000007e765f788,0x00000007e7a80000)
  to   space 17408K, 0% used [0x00000007f7700000,0x00000007f7700000,0x00000007f8800000)
 ParOldGen       total 83968K, used 27047K [0x0000000784a00000, 0x0000000789c00000, 0x00000007d6e00000)
  object space 83968K, 32% used [0x0000000784a00000,0x0000000786469ce0,0x0000000789c00000)
 PSPermGen       total 53760K, used 53429K [0x000000077f800000, 0x0000000782c80000, 0x0000000784a00000)
  object space 53760K, 99% used [0x000000077f800000,0x0000000782c2d7e0,0x0000000782c80000)
}
Event: 9,049 GC heap before
{Heap before GC invocations=8 (full 0):
 PSYoungGen      total 274944K, used 270717K [0x00000007d6e00000, 0x00000007f8800000, 0x0000000800000000)
  eden space 258048K, 100% used [0x00000007d6e00000,0x00000007e6a00000,0x00000007e6a00000)
  from space 16896K, 74% used [0x00000007e6a00000,0x00000007e765f788,0x00000007e7a80000)
  to   space 17408K, 0% used [0x00000007f7700000,0x00000007f7700000,0x00000007f8800000)
 ParOldGen       total 83968K, used 27047K [0x0000000784a00000, 0x0000000789c00000, 0x00000007d6e00000)
  object space 83968K, 32% used [0x0000000784a00000,0x0000000786469ce0,0x0000000789c00000)
 PSPermGen       total 53760K, used 53655K [0x000000077f800000, 0x0000000782c80000, 0x0000000784a00000)
  object space 53760K, 99% used [0x000000077f800000,0x0000000782c65e40,0x0000000782c80000)
Event: 9,175 GC heap after
Heap after GC invocations=8 (full 0):
 PSYoungGen      total 532992K, used 13425K [0x00000007d6e00000, 0x00000007f8900000, 0x0000000800000000)
  eden space 515584K, 0% used [0x00000007d6e00000,0x00000007d6e00000,0x00000007f6580000)
  from space 17408K, 77% used [0x00000007f7700000,0x00000007f841c458,0x00000007f8800000)
  to   space 17920K, 0% used [0x00000007f6580000,0x00000007f6580000,0x00000007f7700000)
 ParOldGen       total 83968K, used 29044K [0x0000000784a00000, 0x0000000789c00000, 0x00000007d6e00000)
  object space 83968K, 34% used [0x0000000784a00000,0x000000078665d1f0,0x0000000789c00000)
 PSPermGen       total 53760K, used 53655K [0x000000077f800000, 0x0000000782c80000, 0x0000000784a00000)
  object space 53760K, 99% used [0x000000077f800000,0x0000000782c65e40,0x0000000782c80000)
}
Event: 10,474 GC heap before
{Heap before GC invocations=9 (full 0):
 PSYoungGen      total 532992K, used 529009K [0x00000007d6e00000, 0x00000007f8900000, 0x0000000800000000)
  eden space 515584K, 100% used [0x00000007d6e00000,0x00000007f6580000,0x00000007f6580000)
  from space 17408K, 77% used [0x00000007f7700000,0x00000007f841c458,0x00000007f8800000)
  to   space 17920K, 0% used [0x00000007f6580000,0x00000007f6580000,0x00000007f7700000)
 ParOldGen       total 83968K, used 29044K [0x0000000784a00000, 0x0000000789c00000, 0x00000007d6e00000)
  object space 83968K, 34% used [0x0000000784a00000,0x000000078665d1f0,0x0000000789c00000)
 PSPermGen       total 53760K, used 53656K [0x000000077f800000, 0x0000000782c80000, 0x0000000784a00000)
  object space 53760K, 99% used [0x000000077f800000,0x0000000782c66050,0x0000000782c80000)

