# JRE version: Java(TM) SE Runtime Environment (7.0_80-b15) (build 1.7.0_80-b15)
# Java VM: Java HotSpot(TM) 64-Bit Server VM (24.80-b11 mixed mode linux-amd64 compressed oops)
Heap
 PSYoungGen      total 534016K, used 6627K [0x00000007d6e00000, 0x00000007f8a00000, 0x0000000800000000)
  eden space 515584K, 0% used [0x00000007d6e00000,0x00000007d6e00000,0x00000007f6580000)
  from space 18432K, 35% used [0x00000007f6580000,0x00000007f6bf8f68,0x00000007f7780000)
  to   space 17920K, 0% used [0x00000007f7780000,0x00000007f7780000,0x00000007f8900000)
 ParOldGen       total 83968K, used 33283K [0x0000000784a00000, 0x0000000789c00000, 0x00000007d6e00000)
  object space 83968K, 39% used [0x0000000784a00000,0x0000000786a80d50,0x0000000789c00000)
 PSPermGen       total 53760K, used 53656K [0x000000077f800000, 0x0000000782c80000, 0x0000000784a00000)
  object space 53760K, 99% used [0x000000077f800000,0x0000000782c66130,0x0000000782c80000)
GC Heap History (10 events):
Event: 3,757 GC heap after
Heap after GC invocations=4 (full 0):
 PSYoungGen      total 134144K, used 5094K [0x00000007d6e00000, 0x00000007df600000, 0x0000000800000000)
  eden space 129024K, 0% used [0x00000007d6e00000,0x00000007d6e00000,0x00000007dec00000)
  from space 5120K, 99% used [0x00000007df100000,0x00000007df5f98c0,0x00000007df600000)
  to   space 5120K, 0% used [0x00000007dec00000,0x00000007dec00000,0x00000007df100000)
 ParOldGen       total 83968K, used 14834K [0x0000000784a00000, 0x0000000789c00000, 0x00000007d6e00000)
  object space 83968K, 17% used [0x0000000784a00000,0x000000078587c838,0x0000000789c00000)
 PSPermGen       total 35840K, used 35402K [0x000000077f800000, 0x0000000781b00000, 0x0000000784a00000)
  object space 35840K, 98% used [0x000000077f800000,0x0000000781a92800,0x0000000781b00000)
}
Event: 5,299 GC heap before
{Heap before GC invocations=5 (full 0):
 PSYoungGen      total 134144K, used 134118K [0x00000007d6e00000, 0x00000007df600000, 0x0000000800000000)
  eden space 129024K, 100% used [0x00000007d6e00000,0x00000007dec00000,0x00000007dec00000)
  from space 5120K, 99% used [0x00000007df100000,0x00000007df5f98c0,0x00000007df600000)
  to   space 5120K, 0% used [0x00000007dec00000,0x00000007dec00000,0x00000007df100000)
 ParOldGen       total 83968K, used 14834K [0x0000000784a00000, 0x0000000789c00000, 0x00000007d6e00000)
  object space 83968K, 17% used [0x0000000784a00000,0x000000078587c838,0x0000000789c00000)
 PSPermGen       total 48640K, used 48358K [0x000000077f800000, 0x0000000782780000, 0x0000000784a00000)
  object space 48640K, 99% used [0x000000077f800000,0x0000000782739a28,0x0000000782780000)
Event: 5,336 GC heap after
Heap after GC invocations=5 (full 0):
 PSYoungGen      total 134144K, used 5114K [0x00000007d6e00000, 0x00000007e8e00000, 0x0000000800000000)
  eden space 129024K, 0% used [0x00000007d6e00000,0x00000007d6e00000,0x00000007dec00000)
  from space 5120K, 99% used [0x00000007dec00000,0x00000007df0fe950,0x00000007df100000)
  to   space 18432K, 0% used [0x00000007e7c00000,0x00000007e7c00000,0x00000007e8e00000)
 ParOldGen       total 83968K, used 25984K [0x0000000784a00000, 0x0000000789c00000, 0x00000007d6e00000)
  object space 83968K, 30% used [0x0000000784a00000,0x0000000786360160,0x0000000789c00000)
 PSPermGen       total 48640K, used 48358K [0x000000077f800000, 0x0000000782780000, 0x0000000784a00000)
  object space 48640K, 99% used [0x000000077f800000,0x0000000782739a28,0x0000000782780000)
}
Event: 6,403 GC heap before
{Heap before GC invocations=6 (full 0):
 PSYoungGen      total 134144K, used 134138K [0x00000007d6e00000, 0x00000007e8e00000, 0x0000000800000000)
  eden space 129024K, 100% used [0x00000007d6e00000,0x00000007dec00000,0x00000007dec00000)
  from space 5120K, 99% used [0x00000007dec00000,0x00000007df0fe950,0x00000007df100000)
  to   space 18432K, 0% used [0x00000007e7c00000,0x00000007e7c00000,0x00000007e8e00000)
 ParOldGen       total 83968K, used 25984K [0x0000000784a00000, 0x0000000789c00000, 0x00000007d6e00000)
  object space 83968K, 30% used [0x0000000784a00000,0x0000000786360160,0x0000000789c00000)
 PSPermGen       total 52224K, used 51766K [0x000000077f800000, 0x0000000782b00000, 0x0000000784a00000)
  object space 52224K, 99% used [0x000000077f800000,0x0000000782a8d918,0x0000000782b00000)
Event: 6,414 GC heap after
Heap after GC invocations=6 (full 0):
 PSYoungGen      total 274432K, used 10005K [0x00000007d6e00000, 0x00000007e8c00000, 0x0000000800000000)
  eden space 258048K, 0% used [0x00000007d6e00000,0x00000007d6e00000,0x00000007e6a00000)
  from space 16384K, 61% used [0x00000007e7c00000,0x00000007e85c5560,0x00000007e8c00000)
  to   space 17408K, 0% used [0x00000007e6a00000,0x00000007e6a00000,0x00000007e7b00000)
 ParOldGen       total 83968K, used 25992K [0x0000000784a00000, 0x0000000789c00000, 0x00000007d6e00000)
  object space 83968K, 30% used [0x0000000784a00000,0x0000000786362160,0x0000000789c00000)
 PSPermGen       total 52224K, used 51766K [0x000000077f800000, 0x0000000782b00000, 0x0000000784a00000)
  object space 52224K, 99% used [0x000000077f800000,0x0000000782a8d918,0x0000000782b00000)
}
Event: 8,058 GC heap before
{Heap before GC invocations=7 (full 0):
 PSYoungGen      total 274432K, used 268053K [0x00000007d6e00000, 0x00000007e8c00000, 0x0000000800000000)
  eden space 258048K, 100% used [0x00000007d6e00000,0x00000007e6a00000,0x00000007e6a00000)
  from space 16384K, 61% used [0x00000007e7c00000,0x00000007e85c5560,0x00000007e8c00000)
  to   space 17408K, 0% used [0x00000007e6a00000,0x00000007e6a00000,0x00000007e7b00000)
 ParOldGen       total 83968K, used 25992K [0x0000000784a00000, 0x0000000789c00000, 0x00000007d6e00000)
  object space 83968K, 30% used [0x0000000784a00000,0x0000000786362160,0x0000000789c00000)
 PSPermGen       total 53760K, used 53430K [0x000000077f800000, 0x0000000782c80000, 0x0000000784a00000)
  object space 53760K, 99% used [0x000000077f800000,0x0000000782c2d9e0,0x0000000782c80000)
Event: 8,158 GC heap after
Heap after GC invocations=7 (full 0):
 PSYoungGen      total 275456K, used 13416K [0x00000007d6e00000, 0x00000007f8900000, 0x0000000800000000)
  eden space 258048K, 0% used [0x00000007d6e00000,0x00000007d6e00000,0x00000007e6a00000)
  from space 17408K, 77% used [0x00000007e6a00000,0x00000007e771a220,0x00000007e7b00000)
  to   space 17920K, 0% used [0x00000007f7780000,0x00000007f7780000,0x00000007f8900000)
 ParOldGen       total 83968K, used 27505K [0x0000000784a00000, 0x0000000789c00000, 0x00000007d6e00000)
  object space 83968K, 32% used [0x0000000784a00000,0x00000007864dc780,0x0000000789c00000)
 PSPermGen       total 53760K, used 53430K [0x000000077f800000, 0x0000000782c80000, 0x0000000784a00000)
  object space 53760K, 99% used [0x000000077f800000,0x0000000782c2d9e0,0x0000000782c80000)
}
Event: 8,826 GC heap before
{Heap before GC invocations=8 (full 0):
 PSYoungGen      total 275456K, used 271464K [0x00000007d6e00000, 0x00000007f8900000, 0x0000000800000000)
  eden space 258048K, 100% used [0x00000007d6e00000,0x00000007e6a00000,0x00000007e6a00000)
  from space 17408K, 77% used [0x00000007e6a00000,0x00000007e771a220,0x00000007e7b00000)
  to   space 17920K, 0% used [0x00000007f7780000,0x00000007f7780000,0x00000007f8900000)
 ParOldGen       total 83968K, used 27505K [0x0000000784a00000, 0x0000000789c00000, 0x00000007d6e00000)
  object space 83968K, 32% used [0x0000000784a00000,0x00000007864dc780,0x0000000789c00000)
 PSPermGen       total 53760K, used 53635K [0x000000077f800000, 0x0000000782c80000, 0x0000000784a00000)
  object space 53760K, 99% used [0x000000077f800000,0x0000000782c60ed0,0x0000000782c80000)
Event: 8,905 GC heap after
Heap after GC invocations=8 (full 0):
 PSYoungGen      total 533504K, used 13547K [0x00000007d6e00000, 0x00000007f8a00000, 0x0000000800000000)
  eden space 515584K, 0% used [0x00000007d6e00000,0x00000007d6e00000,0x00000007f6580000)
  from space 17920K, 75% used [0x00000007f7780000,0x00000007f84badb8,0x00000007f8900000)
  to   space 18432K, 0% used [0x00000007f6580000,0x00000007f6580000,0x00000007f7780000)
 ParOldGen       total 83968K, used 29482K [0x0000000784a00000, 0x0000000789c00000, 0x00000007d6e00000)
  object space 83968K, 35% used [0x0000000784a00000,0x00000007866cab78,0x0000000789c00000)
 PSPermGen       total 53760K, used 53635K [0x000000077f800000, 0x0000000782c80000, 0x0000000784a00000)
  object space 53760K, 99% used [0x000000077f800000,0x0000000782c60ed0,0x0000000782c80000)
}
Event: 9,848 GC heap before
{Heap before GC invocations=9 (full 0):
 PSYoungGen      total 533504K, used 529131K [0x00000007d6e00000, 0x00000007f8a00000, 0x0000000800000000)
  eden space 515584K, 100% used [0x00000007d6e00000,0x00000007f6580000,0x00000007f6580000)
  from space 17920K, 75% used [0x00000007f7780000,0x00000007f84badb8,0x00000007f8900000)
  to   space 18432K, 0% used [0x00000007f6580000,0x00000007f6580000,0x00000007f7780000)
 ParOldGen       total 83968K, used 29482K [0x0000000784a00000, 0x0000000789c00000, 0x00000007d6e00000)
  object space 83968K, 35% used [0x0000000784a00000,0x00000007866cab78,0x0000000789c00000)
 PSPermGen       total 53760K, used 53656K [0x000000077f800000, 0x0000000782c80000, 0x0000000784a00000)
  object space 53760K, 99% used [0x000000077f800000,0x0000000782c66130,0x0000000782c80000)

